2025-03-21 08:56:12,817 - INFO - Configuration loaded successfully
2025-03-21 08:56:12,818 - INFO - Initializing paper trading exchange
2025-03-21 08:56:52,284 - ERROR - Error getting status: 'PaperTradeExchange' object has no attribute 'get_balances'
2025-03-21 08:56:53,287 - ERROR - Error getting status: 'PaperTradeExchange' object has no attribute 'get_balances'
2025-03-21 08:56:54,316 - ERROR - Error getting status: 'PaperTradeExchange' object has no attribute 'get_balances'
2025-03-21 08:56:55,335 - ERROR - Error getting status: 'PaperTradeExchange' object has no attribute 'get_balances'
2025-03-21 08:56:56,377 - ERROR - Error getting status: 'PaperTradeExchange' object has no attribute 'get_balances'
2025-03-21 08:56:57,326 - ERROR - Error getting status: 'PaperTradeExchange' object has no attribute 'get_balances'
2025-03-21 08:56:58,357 - ERROR - Error getting status: 'PaperTradeExchange' object has no attribute 'get_balances'
2025-03-21 08:56:59,349 - ERROR - Error getting status: 'PaperTradeExchange' object has no attribute 'get_balances'
2025-03-21 08:57:00,298 - ERROR - Error getting status: 'PaperTradeExchange' object has no attribute 'get_balances'
2025-03-21 08:57:01,389 - ERROR - Error getting status: 'PaperTradeExchange' object has no attribute 'get_balances'
2025-03-21 08:57:02,291 - ERROR - Error getting status: 'PaperTradeExchange' object has no attribute 'get_balances'
2025-03-21 08:57:03,391 - ERROR - Error getting status: 'PaperTradeExchange' object has no attribute 'get_balances'
2025-03-21 08:57:04,354 - ERROR - Error getting status: 'PaperTradeExchange' object has no attribute 'get_balances'
2025-03-21 08:57:05,377 - ERROR - Error getting status: 'PaperTradeExchange' object has no attribute 'get_balances'
2025-03-21 08:57:06,341 - ERROR - Error getting status: 'PaperTradeExchange' object has no attribute 'get_balances'
2025-03-21 08:57:07,372 - ERROR - Error getting status: 'PaperTradeExchange' object has no attribute 'get_balances'
2025-03-21 08:57:08,385 - ERROR - Error getting status: 'PaperTradeExchange' object has no attribute 'get_balances'
2025-03-21 08:57:09,391 - ERROR - Error getting status: 'PaperTradeExchange' object has no attribute 'get_balances'
2025-03-21 08:57:10,378 - ERROR - Error getting status: 'PaperTradeExchange' object has no attribute 'get_balances'
2025-03-21 08:57:11,401 - ERROR - Error getting status: 'PaperTradeExchange' object has no attribute 'get_balances'
2025-03-21 08:57:12,367 - ERROR - Error getting status: 'PaperTradeExchange' object has no attribute 'get_balances'
2025-03-21 08:57:13,441 - ERROR - Error getting status: 'PaperTradeExchange' object has no attribute 'get_balances'
2025-03-21 08:57:14,407 - ERROR - Error getting status: 'PaperTradeExchange' object has no attribute 'get_balances'
2025-03-21 08:57:15,423 - ERROR - Error getting status: 'PaperTradeExchange' object has no attribute 'get_balances'
2025-03-21 08:57:16,386 - ERROR - Error getting status: 'PaperTradeExchange' object has no attribute 'get_balances'
2025-03-21 08:57:17,387 - ERROR - Error getting status: 'PaperTradeExchange' object has no attribute 'get_balances'
2025-03-21 08:57:18,326 - ERROR - Error getting status: 'PaperTradeExchange' object has no attribute 'get_balances'
2025-03-21 08:57:19,406 - ERROR - Error getting status: 'PaperTradeExchange' object has no attribute 'get_balances'
2025-03-21 08:57:20,415 - ERROR - Error getting status: 'PaperTradeExchange' object has no attribute 'get_balances'
2025-03-21 08:57:21,434 - ERROR - Error getting status: 'PaperTradeExchange' object has no attribute 'get_balances'
2025-03-21 08:57:22,428 - ERROR - Error getting status: 'PaperTradeExchange' object has no attribute 'get_balances'
2025-03-21 08:57:23,441 - ERROR - Error getting status: 'PaperTradeExchange' object has no attribute 'get_balances'
2025-03-21 08:57:24,452 - ERROR - Error getting status: 'PaperTradeExchange' object has no attribute 'get_balances'
2025-03-21 08:57:25,470 - ERROR - Error getting status: 'PaperTradeExchange' object has no attribute 'get_balances'
2025-03-21 08:57:26,445 - ERROR - Error getting status: 'PaperTradeExchange' object has no attribute 'get_balances'
2025-03-21 08:57:27,461 - ERROR - Error getting status: 'PaperTradeExchange' object has no attribute 'get_balances'
2025-03-21 08:57:28,455 - INFO - Paper trading exchange connected
2025-03-21 08:57:28,455 - INFO - Trading bot started
2025-03-21 08:57:28,455 - INFO - Paper trade executed: OrderResponse(order_id='paper_order_1', symbol='BTC-USDT', side='buy', quantity=0.01, price=49954.13314130379, status='filled', timestamp=datetime.datetime(2025, 3, 21, 8, 57, 28, 455314))
2025-03-21 08:57:28,455 - INFO - Entry order placed: OrderResponse(order_id='paper_order_1', symbol='BTC-USDT', side='buy', quantity=0.01, price=49954.13314130379, status='filled', timestamp=datetime.datetime(2025, 3, 21, 8, 57, 28, 455314))
2025-03-21 08:57:28,709 - ERROR - Error getting status: 'PaperTradeExchange' object has no attribute 'get_balances'
2025-03-21 08:57:29,453 - ERROR - Error getting status: 'PaperTradeExchange' object has no attribute 'get_balances'
2025-03-21 08:57:30,425 - ERROR - Error getting status: 'PaperTradeExchange' object has no attribute 'get_balances'
2025-03-21 08:57:31,410 - ERROR - Error getting status: 'PaperTradeExchange' object has no attribute 'get_balances'
2025-03-21 08:57:32,469 - ERROR - Error getting status: 'PaperTradeExchange' object has no attribute 'get_balances'
2025-03-21 08:57:33,498 - ERROR - Error getting status: 'PaperTradeExchange' object has no attribute 'get_balances'
2025-03-21 08:57:34,421 - ERROR - Error getting status: 'PaperTradeExchange' object has no attribute 'get_balances'
2025-03-21 08:57:35,437 - ERROR - Error getting status: 'PaperTradeExchange' object has no attribute 'get_balances'
2025-03-21 08:57:36,471 - ERROR - Error getting status: 'PaperTradeExchange' object has no attribute 'get_balances'
2025-03-21 08:57:37,503 - ERROR - Error getting status: 'PaperTradeExchange' object has no attribute 'get_balances'
2025-03-21 08:57:38,442 - ERROR - Error getting status: 'PaperTradeExchange' object has no attribute 'get_balances'
2025-03-21 08:57:39,403 - ERROR - Error getting status: 'PaperTradeExchange' object has no attribute 'get_balances'
2025-03-21 08:57:40,473 - ERROR - Error getting status: 'PaperTradeExchange' object has no attribute 'get_balances'
2025-03-21 08:57:41,417 - ERROR - Error getting status: 'PaperTradeExchange' object has no attribute 'get_balances'
2025-03-21 08:57:42,459 - ERROR - Error getting status: 'PaperTradeExchange' object has no attribute 'get_balances'
2025-03-21 08:57:43,452 - ERROR - Error getting status: 'PaperTradeExchange' object has no attribute 'get_balances'
2025-03-21 08:57:44,468 - ERROR - Error getting status: 'PaperTradeExchange' object has no attribute 'get_balances'
2025-03-21 08:57:45,487 - ERROR - Error getting status: 'PaperTradeExchange' object has no attribute 'get_balances'
2025-03-21 08:57:46,491 - ERROR - Error getting status: 'PaperTradeExchange' object has no attribute 'get_balances'
2025-03-21 08:57:47,502 - ERROR - Error getting status: 'PaperTradeExchange' object has no attribute 'get_balances'
2025-03-21 08:57:48,499 - ERROR - Error getting status: 'PaperTradeExchange' object has no attribute 'get_balances'
2025-03-21 08:57:49,475 - ERROR - Error getting status: 'PaperTradeExchange' object has no attribute 'get_balances'
2025-03-21 08:57:50,433 - ERROR - Error getting status: 'PaperTradeExchange' object has no attribute 'get_balances'
2025-03-21 08:57:51,304 - ERROR - Error getting status: 'PaperTradeExchange' object has no attribute 'get_balances'
2025-03-21 08:57:52,443 - ERROR - Error getting status: 'PaperTradeExchange' object has no attribute 'get_balances'
2025-03-21 08:57:53,550 - ERROR - Error getting status: 'PaperTradeExchange' object has no attribute 'get_balances'
2025-03-21 08:57:54,434 - ERROR - Error getting status: 'PaperTradeExchange' object has no attribute 'get_balances'
2025-03-21 08:57:55,447 - ERROR - Error getting status: 'PaperTradeExchange' object has no attribute 'get_balances'
2025-03-21 08:57:56,519 - ERROR - Error getting status: 'PaperTradeExchange' object has no attribute 'get_balances'
2025-03-21 08:57:57,487 - ERROR - Error getting status: 'PaperTradeExchange' object has no attribute 'get_balances'
2025-03-21 08:57:58,468 - ERROR - Error getting status: 'PaperTradeExchange' object has no attribute 'get_balances'
2025-03-21 08:58:00,198 - ERROR - Error getting status: 'PaperTradeExchange' object has no attribute 'get_balances'
2025-03-21 08:58:00,522 - ERROR - Error getting status: 'PaperTradeExchange' object has no attribute 'get_balances'
2025-03-21 08:58:01,578 - ERROR - Error getting status: 'PaperTradeExchange' object has no attribute 'get_balances'
2025-03-21 08:58:02,513 - ERROR - Error getting status: 'PaperTradeExchange' object has no attribute 'get_balances'
2025-03-21 08:58:03,507 - ERROR - Error getting status: 'PaperTradeExchange' object has no attribute 'get_balances'
2025-03-21 08:58:04,572 - ERROR - Error getting status: 'PaperTradeExchange' object has no attribute 'get_balances'
2025-03-21 08:58:05,508 - ERROR - Error getting status: 'PaperTradeExchange' object has no attribute 'get_balances'
2025-03-21 08:58:06,521 - ERROR - Error getting status: 'PaperTradeExchange' object has no attribute 'get_balances'
2025-03-21 08:58:07,555 - ERROR - Error getting status: 'PaperTradeExchange' object has no attribute 'get_balances'
2025-03-21 08:58:08,555 - ERROR - Error getting status: 'PaperTradeExchange' object has no attribute 'get_balances'
2025-03-21 08:58:09,547 - ERROR - Error getting status: 'PaperTradeExchange' object has no attribute 'get_balances'
